{"/home/isakw/documents/school/1dv609/assignments/assignment_1/src/controller/GameController.ts": {"path":"/home/isakw/documents/school/1dv609/assignments/assignment_1/src/controller/GameController.ts","statementMap":{"0":{"start":{"line":4,"column":21},"end":{"line":4,"column":null}},"1":{"start":{"line":5,"column":29},"end":{"line":5,"column":45}},"2":{"start":{"line":5,"column":55},"end":{"line":5,"column":63}},"3":{"start":{"line":8,"column":4},"end":{"line":11,"column":null}},"4":{"start":{"line":9,"column":19},"end":{"line":9,"column":null}},"5":{"start":{"line":10,"column":6},"end":{"line":10,"column":null}}},"fnMap":{"0":{"name":"(anonymous_1)","decl":{"start":{"line":5,"column":2},"end":{"line":5,"column":21}},"loc":{"start":{"line":5,"column":65},"end":{"line":5,"column":null}}},"1":{"name":"(anonymous_2)","decl":{"start":{"line":7,"column":9},"end":{"line":7,"column":17}},"loc":{"start":{"line":7,"column":17},"end":{"line":12,"column":null}}},"2":{"name":"(anonymous_3)","decl":{"start":{"line":8,"column":34},"end":{"line":8,"column":null}},"loc":{"start":{"line":8,"column":34},"end":{"line":11,"column":null}}}},"branchMap":{},"s":{"0":4,"1":4,"2":4,"3":4,"4":3,"5":3},"f":{"0":4,"1":4,"2":3},"b":{}}
,"/home/isakw/documents/school/1dv609/assignments/assignment_1/src/model/D6DiceFactory.ts": {"path":"/home/isakw/documents/school/1dv609/assignments/assignment_1/src/model/D6DiceFactory.ts","statementMap":{"0":{"start":{"line":5,"column":21},"end":{"line":5,"column":null}},"1":{"start":{"line":1,"column":17},"end":{"line":1,"column":null}},"2":{"start":{"line":6,"column":29},"end":{"line":6,"column":59}},"3":{"start":{"line":9,"column":4},"end":{"line":9,"column":null}}},"fnMap":{"0":{"name":"(anonymous_2)","decl":{"start":{"line":6,"column":2},"end":{"line":6,"column":21}},"loc":{"start":{"line":6,"column":61},"end":{"line":6,"column":null}}},"1":{"name":"(anonymous_3)","decl":{"start":{"line":8,"column":9},"end":{"line":8,"column":28}},"loc":{"start":{"line":8,"column":28},"end":{"line":10,"column":null}}}},"branchMap":{},"s":{"0":33,"1":1,"2":33,"3":28},"f":{"0":33,"1":28},"b":{}}
,"/home/isakw/documents/school/1dv609/assignments/assignment_1/src/model/Dice.ts": {"path":"/home/isakw/documents/school/1dv609/assignments/assignment_1/src/model/Dice.ts","statementMap":{"0":{"start":{"line":3,"column":21},"end":{"line":3,"column":null}},"1":{"start":{"line":8,"column":4},"end":{"line":8,"column":null}},"2":{"start":{"line":9,"column":4},"end":{"line":9,"column":null}},"3":{"start":{"line":13,"column":4},"end":{"line":13,"column":null}},"4":{"start":{"line":17,"column":4},"end":{"line":17,"column":null}}},"fnMap":{"0":{"name":"(anonymous_1)","decl":{"start":{"line":7,"column":2},"end":{"line":7,"column":21}},"loc":{"start":{"line":7,"column":53},"end":{"line":10,"column":null}}},"1":{"name":"(anonymous_2)","decl":{"start":{"line":12,"column":9},"end":{"line":12,"column":22}},"loc":{"start":{"line":12,"column":22},"end":{"line":14,"column":null}}},"2":{"name":"(anonymous_3)","decl":{"start":{"line":16,"column":9},"end":{"line":16,"column":28}},"loc":{"start":{"line":16,"column":28},"end":{"line":18,"column":null}}}},"branchMap":{},"s":{"0":36,"1":36,"2":36,"3":38,"4":37},"f":{"0":36,"1":38,"2":37},"b":{}}
,"/home/isakw/documents/school/1dv609/assignments/assignment_1/src/model/GameModelImpl.ts": {"path":"/home/isakw/documents/school/1dv609/assignments/assignment_1/src/model/GameModelImpl.ts","statementMap":{"0":{"start":{"line":11,"column":21},"end":{"line":11,"column":null}},"1":{"start":{"line":12,"column":30},"end":{"line":12,"column":32}},"2":{"start":{"line":13,"column":38},"end":{"line":13,"column":40}},"3":{"start":{"line":14,"column":32},"end":{"line":14,"column":34}},"4":{"start":{"line":15,"column":34},"end":{"line":15,"column":36}},"5":{"start":{"line":17,"column":29},"end":{"line":17,"column":53}},"6":{"start":{"line":20,"column":17},"end":{"line":20,"column":null}},"7":{"start":{"line":21,"column":4},"end":{"line":21,"column":null}},"8":{"start":{"line":23,"column":4},"end":{"line":23,"column":null}},"9":{"start":{"line":27,"column":4},"end":{"line":27,"column":null}},"10":{"start":{"line":29,"column":4},"end":{"line":32,"column":null}},"11":{"start":{"line":30,"column":6},"end":{"line":30,"column":null}},"12":{"start":{"line":31,"column":6},"end":{"line":31,"column":null}},"13":{"start":{"line":36,"column":4},"end":{"line":36,"column":null}},"14":{"start":{"line":37,"column":4},"end":{"line":37,"column":null}},"15":{"start":{"line":38,"column":4},"end":{"line":38,"column":null}},"16":{"start":{"line":42,"column":4},"end":{"line":46,"column":null}},"17":{"start":{"line":43,"column":6},"end":{"line":45,"column":null}},"18":{"start":{"line":44,"column":8},"end":{"line":44,"column":null}},"19":{"start":{"line":50,"column":4},"end":{"line":50,"column":null}},"20":{"start":{"line":54,"column":4},"end":{"line":54,"column":null}},"21":{"start":{"line":58,"column":4},"end":{"line":60,"column":null}},"22":{"start":{"line":59,"column":6},"end":{"line":59,"column":null}},"23":{"start":{"line":62,"column":4},"end":{"line":62,"column":null}},"24":{"start":{"line":66,"column":25},"end":{"line":66,"column":null}},"25":{"start":{"line":67,"column":18},"end":{"line":67,"column":null}},"26":{"start":{"line":68,"column":4},"end":{"line":68,"column":null}},"27":{"start":{"line":70,"column":4},"end":{"line":70,"column":null}},"28":{"start":{"line":74,"column":4},"end":{"line":74,"column":null}},"29":{"start":{"line":74,"column":50},"end":{"line":74,"column":73}},"30":{"start":{"line":78,"column":4},"end":{"line":78,"column":null}}},"fnMap":{"0":{"name":"(anonymous_1)","decl":{"start":{"line":17,"column":2},"end":{"line":17,"column":21}},"loc":{"start":{"line":17,"column":55},"end":{"line":17,"column":null}}},"1":{"name":"(anonymous_2)","decl":{"start":{"line":19,"column":9},"end":{"line":19,"column":26}},"loc":{"start":{"line":19,"column":26},"end":{"line":24,"column":null}}},"2":{"name":"(anonymous_3)","decl":{"start":{"line":26,"column":10},"end":{"line":26,"column":21}},"loc":{"start":{"line":26,"column":39},"end":{"line":33,"column":null}}},"3":{"name":"(anonymous_4)","decl":{"start":{"line":35,"column":10},"end":{"line":35,"column":33}},"loc":{"start":{"line":35,"column":33},"end":{"line":39,"column":null}}},"4":{"name":"(anonymous_5)","decl":{"start":{"line":41,"column":10},"end":{"line":41,"column":24}},"loc":{"start":{"line":41,"column":49},"end":{"line":47,"column":null}}},"5":{"name":"(anonymous_6)","decl":{"start":{"line":49,"column":9},"end":{"line":49,"column":19}},"loc":{"start":{"line":49,"column":41},"end":{"line":51,"column":null}}},"6":{"name":"(anonymous_7)","decl":{"start":{"line":53,"column":9},"end":{"line":53,"column":32}},"loc":{"start":{"line":53,"column":32},"end":{"line":55,"column":null}}},"7":{"name":"(anonymous_8)","decl":{"start":{"line":57,"column":9},"end":{"line":57,"column":35}},"loc":{"start":{"line":57,"column":35},"end":{"line":63,"column":null}}},"8":{"name":"(anonymous_9)","decl":{"start":{"line":65,"column":9},"end":{"line":65,"column":25}},"loc":{"start":{"line":65,"column":25},"end":{"line":71,"column":null}}},"9":{"name":"(anonymous_10)","decl":{"start":{"line":73,"column":10},"end":{"line":73,"column":39}},"loc":{"start":{"line":73,"column":39},"end":{"line":75,"column":null}}},"10":{"name":"(anonymous_11)","decl":{"start":{"line":74,"column":35},"end":{"line":74,"column":36}},"loc":{"start":{"line":74,"column":50},"end":{"line":74,"column":73}}},"11":{"name":"(anonymous_12)","decl":{"start":{"line":77,"column":9},"end":{"line":77,"column":21}},"loc":{"start":{"line":77,"column":66},"end":{"line":79,"column":null}}}},"branchMap":{"0":{"loc":{"start":{"line":29,"column":4},"end":{"line":32,"column":null}},"type":"if","locations":[{"start":{"line":29,"column":4},"end":{"line":32,"column":null}},{"start":{},"end":{}}]},"1":{"loc":{"start":{"line":43,"column":6},"end":{"line":45,"column":null}},"type":"if","locations":[{"start":{"line":43,"column":6},"end":{"line":45,"column":null}},{"start":{},"end":{}}]},"2":{"loc":{"start":{"line":58,"column":4},"end":{"line":60,"column":null}},"type":"if","locations":[{"start":{"line":58,"column":4},"end":{"line":60,"column":null}},{"start":{},"end":{}}]}},"s":{"0":33,"1":33,"2":33,"3":33,"4":33,"5":33,"6":28,"7":28,"8":28,"9":28,"10":28,"11":18,"12":18,"13":21,"14":21,"15":21,"16":21,"17":3,"18":2,"19":35,"20":1,"21":37,"22":1,"23":36,"24":3,"25":3,"26":3,"27":3,"28":3,"29":4,"30":4},"f":{"0":33,"1":28,"2":28,"3":21,"4":21,"5":35,"6":1,"7":37,"8":3,"9":3,"10":4,"11":4},"b":{"0":[18,10],"1":[2,1],"2":[1,36]}}
,"/home/isakw/documents/school/1dv609/assignments/assignment_1/src/model/Player.ts": {"path":"/home/isakw/documents/school/1dv609/assignments/assignment_1/src/model/Player.ts","statementMap":{"0":{"start":{"line":1,"column":21},"end":{"line":1,"column":null}},"1":{"start":{"line":2,"column":26},"end":{"line":2,"column":28}},"2":{"start":{"line":4,"column":29},"end":{"line":4,"column":41}},"3":{"start":{"line":5,"column":4},"end":{"line":7,"column":null}},"4":{"start":{"line":6,"column":6},"end":{"line":6,"column":null}},"5":{"start":{"line":9,"column":4},"end":{"line":11,"column":null}},"6":{"start":{"line":10,"column":6},"end":{"line":10,"column":null}},"7":{"start":{"line":15,"column":4},"end":{"line":15,"column":null}},"8":{"start":{"line":19,"column":4},"end":{"line":19,"column":null}},"9":{"start":{"line":23,"column":4},"end":{"line":23,"column":null}}},"fnMap":{"0":{"name":"(anonymous_1)","decl":{"start":{"line":4,"column":2},"end":{"line":4,"column":21}},"loc":{"start":{"line":4,"column":43},"end":{"line":12,"column":null}}},"1":{"name":"(anonymous_2)","decl":{"start":{"line":14,"column":9},"end":{"line":14,"column":27}},"loc":{"start":{"line":14,"column":27},"end":{"line":16,"column":null}}},"2":{"name":"(anonymous_3)","decl":{"start":{"line":18,"column":9},"end":{"line":18,"column":18}},"loc":{"start":{"line":18,"column":39},"end":{"line":20,"column":null}}},"3":{"name":"(anonymous_4)","decl":{"start":{"line":22,"column":9},"end":{"line":22,"column":28}},"loc":{"start":{"line":22,"column":28},"end":{"line":24,"column":null}}}},"branchMap":{"0":{"loc":{"start":{"line":5,"column":4},"end":{"line":7,"column":null}},"type":"if","locations":[{"start":{"line":5,"column":4},"end":{"line":7,"column":null}},{"start":{},"end":{}}]},"1":{"loc":{"start":{"line":9,"column":4},"end":{"line":11,"column":null}},"type":"if","locations":[{"start":{"line":9,"column":4},"end":{"line":11,"column":null}},{"start":{},"end":{}}]}},"s":{"0":24,"1":24,"2":24,"3":24,"4":1,"5":23,"6":1,"7":1,"8":3,"9":2},"f":{"0":24,"1":1,"2":3,"3":2},"b":{"0":[1,23],"1":[1,22]}}
,"/home/isakw/documents/school/1dv609/assignments/assignment_1/src/model/StandardRandomProvider.ts": {"path":"/home/isakw/documents/school/1dv609/assignments/assignment_1/src/model/StandardRandomProvider.ts","statementMap":{"0":{"start":{"line":3,"column":21},"end":{"line":3,"column":null}},"1":{"start":{"line":5,"column":4},"end":{"line":7,"column":null}},"2":{"start":{"line":6,"column":6},"end":{"line":6,"column":null}},"3":{"start":{"line":8,"column":4},"end":{"line":8,"column":null}},"4":{"start":{"line":12,"column":4},"end":{"line":12,"column":null}}},"fnMap":{"0":{"name":"(anonymous_1)","decl":{"start":{"line":4,"column":9},"end":{"line":4,"column":33}},"loc":{"start":{"line":4,"column":67},"end":{"line":9,"column":null}}},"1":{"name":"(anonymous_2)","decl":{"start":{"line":11,"column":10},"end":{"line":11,"column":31}},"loc":{"start":{"line":11,"column":44},"end":{"line":13,"column":null}}}},"branchMap":{"0":{"loc":{"start":{"line":5,"column":4},"end":{"line":7,"column":null}},"type":"if","locations":[{"start":{"line":5,"column":4},"end":{"line":7,"column":null}},{"start":{},"end":{}}]}},"s":{"0":3,"1":3,"2":1,"3":2,"4":2},"f":{"0":3,"1":2},"b":{"0":[1,2]}}
,"/home/isakw/documents/school/1dv609/assignments/assignment_1/src/view/BrowserUI.ts": {"path":"/home/isakw/documents/school/1dv609/assignments/assignment_1/src/view/BrowserUI.ts","statementMap":{"0":{"start":{"line":10,"column":21},"end":{"line":10,"column":null}},"1":{"start":{"line":3,"column":25},"end":{"line":3,"column":null}},"2":{"start":{"line":12,"column":34},"end":{"line":12,"column":36}},"3":{"start":{"line":13,"column":44},"end":{"line":13,"column":69}},"4":{"start":{"line":16,"column":4},"end":{"line":16,"column":null}},"5":{"start":{"line":17,"column":4},"end":{"line":17,"column":null}},"6":{"start":{"line":21,"column":4},"end":{"line":21,"column":null}},"7":{"start":{"line":22,"column":4},"end":{"line":22,"column":null}},"8":{"start":{"line":27,"column":4},"end":{"line":27,"column":null}},"9":{"start":{"line":31,"column":23},"end":{"line":31,"column":null}},"10":{"start":{"line":32,"column":4},"end":{"line":32,"column":null}},"11":{"start":{"line":36,"column":4},"end":{"line":42,"column":null}},"12":{"start":{"line":37,"column":6},"end":{"line":39,"column":null}},"13":{"start":{"line":38,"column":8},"end":{"line":38,"column":null}},"14":{"start":{"line":41,"column":6},"end":{"line":41,"column":null}},"15":{"start":{"line":46,"column":4},"end":{"line":46,"column":null}},"16":{"start":{"line":50,"column":22},"end":{"line":50,"column":null}},"17":{"start":{"line":51,"column":4},"end":{"line":51,"column":null}},"18":{"start":{"line":52,"column":4},"end":{"line":52,"column":null}},"19":{"start":{"line":53,"column":4},"end":{"line":53,"column":null}},"20":{"start":{"line":57,"column":29},"end":{"line":57,"column":null}},"21":{"start":{"line":58,"column":4},"end":{"line":58,"column":null}}},"fnMap":{"0":{"name":"(anonymous_2)","decl":{"start":{"line":15,"column":2},"end":{"line":15,"column":21}},"loc":{"start":{"line":15,"column":49},"end":{"line":18,"column":null}}},"1":{"name":"(anonymous_3)","decl":{"start":{"line":20,"column":10},"end":{"line":20,"column":36}},"loc":{"start":{"line":20,"column":36},"end":{"line":23,"column":null}}},"2":{"name":"(anonymous_4)","decl":{"start":{"line":25,"column":10},"end":{"line":25,"column":41}},"loc":{"start":{"line":25,"column":71},"end":{"line":28,"column":null}}},"3":{"name":"(anonymous_5)","decl":{"start":{"line":30,"column":10},"end":{"line":30,"column":33}},"loc":{"start":{"line":30,"column":33},"end":{"line":33,"column":null}}},"4":{"name":"(anonymous_6)","decl":{"start":{"line":35,"column":10},"end":{"line":35,"column":23}},"loc":{"start":{"line":35,"column":42},"end":{"line":43,"column":null}}},"5":{"name":"(anonymous_7)","decl":{"start":{"line":45,"column":9},"end":{"line":45,"column":21}},"loc":{"start":{"line":45,"column":60},"end":{"line":47,"column":null}}},"6":{"name":"(anonymous_8)","decl":{"start":{"line":49,"column":9},"end":{"line":49,"column":18}},"loc":{"start":{"line":49,"column":30},"end":{"line":54,"column":null}}},"7":{"name":"(anonymous_9)","decl":{"start":{"line":56,"column":9},"end":{"line":56,"column":25}},"loc":{"start":{"line":56,"column":51},"end":{"line":59,"column":3}}}},"branchMap":{"0":{"loc":{"start":{"line":37,"column":6},"end":{"line":39,"column":null}},"type":"if","locations":[{"start":{"line":37,"column":6},"end":{"line":39,"column":null}},{"start":{},"end":{}}]}},"s":{"0":6,"1":1,"2":6,"3":1,"4":6,"5":6,"6":6,"7":6,"8":6,"9":6,"10":6,"11":2,"12":2,"13":1,"14":1,"15":2,"16":2,"17":2,"18":2,"19":2,"20":1,"21":1},"f":{"0":6,"1":6,"2":6,"3":6,"4":2,"5":2,"6":2,"7":1},"b":{"0":[1,1]}}
,"/home/isakw/documents/school/1dv609/assignments/assignment_1/src/view/gameTemplate.html.ts": {"path":"/home/isakw/documents/school/1dv609/assignments/assignment_1/src/view/gameTemplate.html.ts","statementMap":{"0":{"start":{"line":1,"column":0},"end":{"line":1,"column":15}},"1":{"start":{"line":1,"column":24},"end":{"line":5,"column":1}}},"fnMap":{},"branchMap":{},"s":{"0":6,"1":1},"f":{},"b":{}}
}
