TN:
SF:src/EventPublisherImpl.ts
FN:7,(anonymous_1)
FN:11,(anonymous_2)
FN:13,(anonymous_3)
FNF:3
FNH:3
FNDA:14,(anonymous_1)
FNDA:80,(anonymous_2)
FNDA:26,(anonymous_3)
DA:4,51
DA:5,51
DA:8,14
DA:12,80
DA:13,26
DA:15,80
DA:16,10
LF:7
LH:7
BRF:0
BRH:0
end_of_record
TN:
SF:src/controller/GameController.ts
FN:8,(anonymous_1)
FN:10,(anonymous_2)
FN:11,(anonymous_3)
FN:15,(anonymous_4)
FN:19,(anonymous_5)
FN:23,(anonymous_6)
FN:27,(anonymous_7)
FNF:7
FNH:7
FNDA:10,(anonymous_1)
FNDA:10,(anonymous_2)
FNDA:2,(anonymous_3)
FNDA:1,(anonymous_4)
FNDA:1,(anonymous_5)
FNDA:1,(anonymous_6)
FNDA:3,(anonymous_7)
DA:7,10
DA:8,10
DA:11,10
DA:12,2
DA:15,10
DA:16,1
DA:19,10
DA:20,1
DA:23,10
DA:24,1
DA:27,10
DA:28,3
DA:29,3
LF:13
LH:13
BRF:0
BRH:0
end_of_record
TN:
SF:src/model/D6DiceFactory.ts
FN:6,(anonymous_2)
FN:8,(anonymous_3)
FNF:2
FNH:2
FNDA:43,(anonymous_2)
FNDA:34,(anonymous_3)
DA:1,1
DA:5,43
DA:6,43
DA:9,34
LF:4
LH:4
BRF:0
BRH:0
end_of_record
TN:
SF:src/model/Dice.ts
FN:7,(anonymous_1)
FN:12,(anonymous_2)
FN:16,(anonymous_3)
FNF:3
FNH:3
FNDA:42,(anonymous_1)
FNDA:44,(anonymous_2)
FNDA:45,(anonymous_3)
DA:3,42
DA:8,42
DA:9,42
DA:13,44
DA:17,45
LF:5
LH:5
BRF:0
BRH:0
end_of_record
TN:
SF:src/model/GameModelImpl.ts
FN:18,(anonymous_2)
FN:20,(anonymous_3)
FN:26,(anonymous_4)
FN:36,(anonymous_5)
FN:42,(anonymous_6)
FN:46,(anonymous_7)
FN:50,(anonymous_8)
FN:54,(anonymous_9)
FN:62,(anonymous_10)
FN:70,(anonymous_11)
FN:71,(anonymous_12)
FN:74,(anonymous_13)
FNF:12
FNH:12
FNDA:43,(anonymous_2)
FNDA:34,(anonymous_3)
FNDA:34,(anonymous_4)
FNDA:23,(anonymous_5)
FNDA:77,(anonymous_6)
FNDA:45,(anonymous_7)
FNDA:1,(anonymous_8)
FNDA:37,(anonymous_9)
FNDA:3,(anonymous_10)
FNDA:3,(anonymous_11)
FNDA:4,(anonymous_12)
FNDA:11,(anonymous_13)
DA:1,1
DA:12,43
DA:13,43
DA:14,43
DA:15,43
DA:16,43
DA:18,43
DA:21,34
DA:22,34
DA:23,34
DA:27,34
DA:29,34
DA:30,20
DA:31,20
DA:32,20
DA:37,23
DA:38,23
DA:39,23
DA:43,77
DA:47,45
DA:51,1
DA:55,37
DA:56,1
DA:59,36
DA:63,3
DA:64,3
DA:65,3
DA:67,3
DA:71,4
DA:75,11
LF:30
LH:30
BRDA:29,0,0,20
BRDA:29,0,1,14
BRDA:55,1,0,1
BRDA:55,1,1,36
BRF:4
BRH:4
end_of_record
TN:
SF:src/model/Player.ts
FN:4,(anonymous_1)
FN:14,(anonymous_2)
FN:18,(anonymous_3)
FN:22,(anonymous_4)
FNF:4
FNH:4
FNDA:39,(anonymous_1)
FNDA:4,(anonymous_2)
FNDA:3,(anonymous_3)
FNDA:2,(anonymous_4)
DA:1,39
DA:2,39
DA:4,39
DA:5,39
DA:6,1
DA:9,38
DA:10,1
DA:15,4
DA:19,3
DA:23,2
LF:10
LH:10
BRDA:5,0,0,1
BRDA:5,0,1,38
BRDA:9,1,0,1
BRDA:9,1,1,37
BRF:4
BRH:4
end_of_record
TN:
SF:src/model/PlayerFactory.ts
FN:5,(anonymous_2)
FNF:1
FNH:1
FNDA:3,(anonymous_2)
DA:2,2
DA:4,10
DA:6,3
LF:3
LH:3
BRF:0
BRH:0
end_of_record
TN:
SF:src/model/StandardRandomProvider.ts
FN:4,(anonymous_1)
FN:11,(anonymous_2)
FNF:2
FNH:2
FNDA:3,(anonymous_1)
FNDA:2,(anonymous_2)
DA:3,3
DA:5,3
DA:6,1
DA:8,2
DA:12,2
LF:5
LH:5
BRDA:5,0,0,1
BRDA:5,0,1,2
BRF:2
BRH:2
end_of_record
TN:
SF:src/view/BrowserUI.ts
FN:11,(anonymous_2)
FN:16,(anonymous_3)
FN:22,(anonymous_4)
FN:27,(anonymous_5)
FN:32,(anonymous_6)
FN:34,(anonymous_7)
FN:41,(anonymous_8)
FN:45,(anonymous_9)
FN:49,(anonymous_10)
FN:56,(anonymous_11)
FN:61,(anonymous_12)
FNF:11
FNH:11
FNDA:8,(anonymous_2)
FNDA:8,(anonymous_3)
FNDA:8,(anonymous_4)
FNDA:8,(anonymous_5)
FNDA:8,(anonymous_6)
FNDA:1,(anonymous_7)
FNDA:3,(anonymous_8)
FNDA:3,(anonymous_9)
FNDA:3,(anonymous_10)
FNDA:1,(anonymous_11)
FNDA:1,(anonymous_12)
DA:1,1
DA:4,1
DA:6,8
DA:8,8
DA:9,1
DA:12,8
DA:13,8
DA:17,8
DA:18,8
DA:19,8
DA:24,8
DA:28,8
DA:29,8
DA:33,8
DA:34,8
DA:35,1
DA:36,1
DA:37,1
DA:42,3
DA:46,3
DA:50,3
DA:51,3
DA:52,3
DA:53,3
DA:57,1
DA:58,1
DA:62,1
LF:27
LH:27
BRF:0
BRH:0
end_of_record
TN:
SF:src/view/gameTemplate.html.ts
FNF:0
FNH:0
DA:1,8
LF:1
LH:1
BRF:0
BRH:0
end_of_record
