TN:
SF:src/controller/GameController.ts
FN:5,(anonymous_1)
FN:7,(anonymous_2)
FN:8,(anonymous_3)
FNF:3
FNH:3
FNDA:4,(anonymous_1)
FNDA:4,(anonymous_2)
FNDA:3,(anonymous_3)
DA:4,4
DA:5,4
DA:8,4
DA:9,3
DA:10,3
LF:5
LH:5
BRF:0
BRH:0
end_of_record
TN:
SF:src/model/D6DiceFactory.ts
FN:6,(anonymous_2)
FN:8,(anonymous_3)
FNF:2
FNH:2
FNDA:33,(anonymous_2)
FNDA:28,(anonymous_3)
DA:1,1
DA:5,33
DA:6,33
DA:9,28
LF:4
LH:4
BRF:0
BRH:0
end_of_record
TN:
SF:src/model/Dice.ts
FN:7,(anonymous_1)
FN:12,(anonymous_2)
FN:16,(anonymous_3)
FNF:3
FNH:3
FNDA:36,(anonymous_1)
FNDA:38,(anonymous_2)
FNDA:37,(anonymous_3)
DA:3,36
DA:8,36
DA:9,36
DA:13,38
DA:17,37
LF:5
LH:5
BRF:0
BRH:0
end_of_record
TN:
SF:src/model/GameModelImpl.ts
FN:17,(anonymous_1)
FN:19,(anonymous_2)
FN:26,(anonymous_3)
FN:35,(anonymous_4)
FN:41,(anonymous_5)
FN:49,(anonymous_6)
FN:53,(anonymous_7)
FN:57,(anonymous_8)
FN:65,(anonymous_9)
FN:73,(anonymous_10)
FN:74,(anonymous_11)
FN:77,(anonymous_12)
FNF:12
FNH:12
FNDA:33,(anonymous_1)
FNDA:28,(anonymous_2)
FNDA:28,(anonymous_3)
FNDA:21,(anonymous_4)
FNDA:21,(anonymous_5)
FNDA:35,(anonymous_6)
FNDA:1,(anonymous_7)
FNDA:37,(anonymous_8)
FNDA:3,(anonymous_9)
FNDA:3,(anonymous_10)
FNDA:4,(anonymous_11)
FNDA:4,(anonymous_12)
DA:11,33
DA:12,33
DA:13,33
DA:14,33
DA:15,33
DA:17,33
DA:20,28
DA:21,28
DA:23,28
DA:27,28
DA:29,28
DA:30,18
DA:31,18
DA:36,21
DA:37,21
DA:38,21
DA:42,21
DA:43,3
DA:44,2
DA:50,35
DA:54,1
DA:58,37
DA:59,1
DA:62,36
DA:66,3
DA:67,3
DA:68,3
DA:70,3
DA:74,4
DA:78,4
LF:30
LH:30
BRDA:29,0,0,18
BRDA:29,0,1,10
BRDA:43,1,0,2
BRDA:43,1,1,1
BRDA:58,2,0,1
BRDA:58,2,1,36
BRF:6
BRH:6
end_of_record
TN:
SF:src/model/Player.ts
FN:4,(anonymous_1)
FN:14,(anonymous_2)
FN:18,(anonymous_3)
FN:22,(anonymous_4)
FNF:4
FNH:4
FNDA:24,(anonymous_1)
FNDA:1,(anonymous_2)
FNDA:3,(anonymous_3)
FNDA:2,(anonymous_4)
DA:1,24
DA:2,24
DA:4,24
DA:5,24
DA:6,1
DA:9,23
DA:10,1
DA:15,1
DA:19,3
DA:23,2
LF:10
LH:10
BRDA:5,0,0,1
BRDA:5,0,1,23
BRDA:9,1,0,1
BRDA:9,1,1,22
BRF:4
BRH:4
end_of_record
TN:
SF:src/model/StandardRandomProvider.ts
FN:4,(anonymous_1)
FN:11,(anonymous_2)
FNF:2
FNH:2
FNDA:3,(anonymous_1)
FNDA:2,(anonymous_2)
DA:3,3
DA:5,3
DA:6,1
DA:8,2
DA:12,2
LF:5
LH:5
BRDA:5,0,0,1
BRDA:5,0,1,2
BRF:2
BRH:2
end_of_record
TN:
SF:src/view/BrowserUI.ts
FN:15,(anonymous_2)
FN:20,(anonymous_3)
FN:25,(anonymous_4)
FN:30,(anonymous_5)
FN:35,(anonymous_6)
FN:45,(anonymous_7)
FN:49,(anonymous_8)
FN:56,(anonymous_9)
FNF:8
FNH:8
FNDA:6,(anonymous_2)
FNDA:6,(anonymous_3)
FNDA:6,(anonymous_4)
FNDA:6,(anonymous_5)
FNDA:2,(anonymous_6)
FNDA:2,(anonymous_7)
FNDA:2,(anonymous_8)
FNDA:1,(anonymous_9)
DA:3,1
DA:10,6
DA:12,6
DA:13,1
DA:16,6
DA:17,6
DA:21,6
DA:22,6
DA:27,6
DA:31,6
DA:32,6
DA:36,2
DA:37,2
DA:38,1
DA:41,1
DA:46,2
DA:50,2
DA:51,2
DA:52,2
DA:53,2
DA:57,1
DA:58,1
LF:22
LH:22
BRDA:37,0,0,1
BRDA:37,0,1,1
BRF:2
BRH:2
end_of_record
TN:
SF:src/view/gameTemplate.html.ts
FNF:0
FNH:0
DA:1,6
LF:1
LH:1
BRF:0
BRH:0
end_of_record
